27-10-2019 22:09:37	This log contains information about the import schema operation into project 'Database' on computer 'LAPTOP-4JHJ7M1S' by user 'Nick'.
27-10-2019 22:09:37	Import of database schema has started.
27-10-2019 22:09:53	Gathering database credentials
27-10-2019 22:09:53	Gathering database options
27-10-2019 22:09:53	Gathering generic database scoped configuration option
27-10-2019 22:09:53	Gathering users
27-10-2019 22:09:53	Gathering roles
27-10-2019 22:09:53	Gathering application roles
27-10-2019 22:09:53	Gathering role memberships
27-10-2019 22:09:53	Gathering filegroups
27-10-2019 22:09:53	Gathering full-text catalogs
27-10-2019 22:09:53	Gathering assemblies
27-10-2019 22:09:53	Gathering certificates
27-10-2019 22:09:53	Gathering asymmetric keys
27-10-2019 22:09:53	Gathering symmetric keys
27-10-2019 22:09:53	Gathering encrypted symmetric keys
27-10-2019 22:09:53	Gathering schemas
27-10-2019 22:09:53	Gathering XML schema collections
27-10-2019 22:09:53	Gathering user-defined data types
27-10-2019 22:09:53	Gathering user-defined types
27-10-2019 22:09:53	Gathering table types
27-10-2019 22:09:53	Gathering unique keys for table types
27-10-2019 22:09:53	Gathering primary keys for table types
27-10-2019 22:09:53	Gathering indexes for table types
27-10-2019 22:09:53	Gathering check constraints for table types
27-10-2019 22:09:53	Gathering default constraints for table types
27-10-2019 22:09:53	Gathering partition functions
27-10-2019 22:09:53	Gathering partition schemes
27-10-2019 22:11:12	Gathering functions
27-10-2019 22:11:22	Gathering encrypted functions
27-10-2019 22:11:23	Gathering aggregates
27-10-2019 22:11:23	Gathering procedures
27-10-2019 22:11:23	Gathering encrypted procedures
27-10-2019 22:11:24	Gathering tables
27-10-2019 22:11:24	Gathering primary keys
27-10-2019 22:11:25	Gathering unique constraints
27-10-2019 22:11:25	Gathering foreign keys
27-10-2019 22:11:25	Gathering default constraints
27-10-2019 22:11:25	Gathering check constraints
27-10-2019 22:11:25	Gathering views
27-10-2019 22:11:25	Gathering encrypted views
27-10-2019 22:11:26	Gathering indexes
27-10-2019 22:11:26	Gathering statistics
27-10-2019 22:11:26	Gathering full-text index stoplists
27-10-2019 22:11:26	Gathering search property lists
27-10-2019 22:11:26	Gathering search properties
27-10-2019 22:11:26	Gathering full-text indexes
27-10-2019 22:11:26	Gathering column store indexes
27-10-2019 22:11:26	Gathering spatial indexes
27-10-2019 22:11:27	Gathering XML indexes
27-10-2019 22:11:27	Gathering Selective XML indexes
27-10-2019 22:11:27	Gathering encrypted triggers
27-10-2019 22:11:27	Gathering triggers
27-10-2019 22:11:27	Gathering encrypted and clr ddl triggers
27-10-2019 22:11:27	Gathering ddl triggers
27-10-2019 22:11:27	Gathering synonyms
27-10-2019 22:11:28	Gathering defaults
27-10-2019 22:11:28	Gathering data constraint uddt bindings
27-10-2019 22:11:28	Gathering rules
27-10-2019 22:11:28	Gathering data constraint uddt bindings
27-10-2019 22:11:28	Gathering message types
27-10-2019 22:11:28	Gathering queues
27-10-2019 22:11:28	Gathering contracts
27-10-2019 22:11:28	Gathering services
27-10-2019 22:11:28	Gathering event notifications
27-10-2019 22:11:28	Gathering remote service bindings
27-10-2019 22:11:28	Gathering broker priorities
27-10-2019 22:11:28	Gathering signatures
27-10-2019 22:11:28	Gathering data compression options
27-10-2019 22:11:28	Gathering sequence types
27-10-2019 22:11:28	Gathering security policies
27-10-2019 22:11:28	Gather column encryption keys
27-10-2019 22:11:28	Gathering column master keys
27-10-2019 22:11:28	Gathering external data sources
27-10-2019 22:11:28	Gathering external file formats
27-10-2019 22:11:29	Gathering external tables
27-10-2019 22:11:29	Gathering extended properties
27-10-2019 22:11:31	Gathering credentials
27-10-2019 22:11:31	Gathering logins
27-10-2019 22:11:31	Gathering server audits
27-10-2019 22:11:35	Scanning project for duplicate elements
27-10-2019 22:11:36	Finished duplicate element processing
27-10-2019 22:11:36	Finished importing database.
27-10-2019 22:11:36	A summary of the import was saved to the following location: C:\Users\Nick\source\repos\NinjaManagerFinal\Database\Import Schema Logs\Database_20191027090937.log
27-10-2019 22:11:36	Click Finish to continue...
