27-10-2019 22:14:47	This log contains information about the import schema operation into project 'Database' on computer 'LAPTOP-4JHJ7M1S' by user 'Nick'.
27-10-2019 22:14:47	Import of database schema has started.
27-10-2019 22:14:55	Gathering database credentials
27-10-2019 22:14:55	Gathering database options
27-10-2019 22:14:55	Gathering generic database scoped configuration option
27-10-2019 22:14:55	Gathering users
27-10-2019 22:14:55	Gathering roles
27-10-2019 22:14:55	Gathering application roles
27-10-2019 22:14:55	Gathering role memberships
27-10-2019 22:14:55	Gathering filegroups
27-10-2019 22:14:55	Gathering full-text catalogs
27-10-2019 22:14:55	Gathering assemblies
27-10-2019 22:14:55	Gathering certificates
27-10-2019 22:14:55	Gathering asymmetric keys
27-10-2019 22:14:55	Gathering symmetric keys
27-10-2019 22:14:55	Gathering encrypted symmetric keys
27-10-2019 22:14:55	Gathering schemas
27-10-2019 22:14:55	Gathering XML schema collections
27-10-2019 22:14:55	Gathering user-defined data types
27-10-2019 22:14:55	Gathering user-defined types
27-10-2019 22:14:55	Gathering table types
27-10-2019 22:14:55	Gathering unique keys for table types
27-10-2019 22:14:55	Gathering primary keys for table types
27-10-2019 22:14:55	Gathering indexes for table types
27-10-2019 22:14:55	Gathering check constraints for table types
27-10-2019 22:14:55	Gathering default constraints for table types
27-10-2019 22:14:55	Gathering partition functions
27-10-2019 22:14:55	Gathering partition schemes
27-10-2019 22:14:56	Gathering functions
27-10-2019 22:14:56	Gathering encrypted functions
27-10-2019 22:14:56	Gathering aggregates
27-10-2019 22:14:56	Gathering procedures
27-10-2019 22:14:56	Gathering encrypted procedures
27-10-2019 22:14:56	Gathering tables
27-10-2019 22:14:56	Gathering primary keys
27-10-2019 22:14:56	Gathering unique constraints
27-10-2019 22:14:56	Gathering foreign keys
27-10-2019 22:14:56	Gathering default constraints
27-10-2019 22:14:56	Gathering check constraints
27-10-2019 22:14:56	Gathering views
27-10-2019 22:14:56	Gathering encrypted views
27-10-2019 22:14:56	Gathering indexes
27-10-2019 22:14:56	Gathering statistics
27-10-2019 22:14:56	Gathering full-text index stoplists
27-10-2019 22:14:56	Gathering search property lists
27-10-2019 22:14:56	Gathering search properties
27-10-2019 22:14:56	Gathering full-text indexes
27-10-2019 22:14:56	Gathering column store indexes
27-10-2019 22:14:56	Gathering spatial indexes
27-10-2019 22:14:56	Gathering XML indexes
27-10-2019 22:14:56	Gathering Selective XML indexes
27-10-2019 22:14:56	Gathering encrypted triggers
27-10-2019 22:14:56	Gathering triggers
27-10-2019 22:14:56	Gathering encrypted and clr ddl triggers
27-10-2019 22:14:56	Gathering ddl triggers
27-10-2019 22:14:56	Gathering synonyms
27-10-2019 22:14:56	Gathering defaults
27-10-2019 22:14:56	Gathering data constraint uddt bindings
27-10-2019 22:14:56	Gathering rules
27-10-2019 22:14:56	Gathering data constraint uddt bindings
27-10-2019 22:14:56	Gathering message types
27-10-2019 22:14:56	Gathering queues
27-10-2019 22:14:56	Gathering contracts
27-10-2019 22:14:56	Gathering services
27-10-2019 22:14:56	Gathering event notifications
27-10-2019 22:14:56	Gathering remote service bindings
27-10-2019 22:14:56	Gathering broker priorities
27-10-2019 22:14:56	Gathering signatures
27-10-2019 22:14:56	Gathering data compression options
27-10-2019 22:14:56	Gathering sequence types
27-10-2019 22:14:56	Gathering security policies
27-10-2019 22:14:56	Gather column encryption keys
27-10-2019 22:14:56	Gathering column master keys
27-10-2019 22:14:56	Gathering external data sources
27-10-2019 22:14:56	Gathering external file formats
27-10-2019 22:14:56	Gathering external tables
27-10-2019 22:14:57	Gathering extended properties
27-10-2019 22:14:57	Gathering credentials
27-10-2019 22:14:57	Gathering logins
27-10-2019 22:14:57	Gathering server audits
27-10-2019 22:14:57	Scanning project for duplicate elements
27-10-2019 22:14:57	Finished duplicate element processing
27-10-2019 22:14:57	Finished importing database.
27-10-2019 22:14:57	A summary of the import was saved to the following location: C:\Users\Nick\source\repos\NinjaManagerFinal\Database\Import Schema Logs\Database_20191027091447.log
27-10-2019 22:14:57	Click Finish to continue...
