27-10-2019 22:27:09	This log contains information about the import schema operation into project 'Database' on computer 'LAPTOP-4JHJ7M1S' by user 'Nick'.
27-10-2019 22:27:09	Import of database schema has started.
27-10-2019 22:27:25	Gathering database credentials
27-10-2019 22:27:25	Gathering database options
27-10-2019 22:27:25	Gathering generic database scoped configuration option
27-10-2019 22:27:25	Gathering users
27-10-2019 22:27:25	Gathering roles
27-10-2019 22:27:25	Gathering application roles
27-10-2019 22:27:25	Gathering role memberships
27-10-2019 22:27:25	Gathering filegroups
27-10-2019 22:27:25	Gathering full-text catalogs
27-10-2019 22:27:25	Gathering assemblies
27-10-2019 22:27:25	Gathering certificates
27-10-2019 22:27:25	Gathering asymmetric keys
27-10-2019 22:27:25	Gathering symmetric keys
27-10-2019 22:27:25	Gathering encrypted symmetric keys
27-10-2019 22:27:25	Gathering schemas
27-10-2019 22:27:25	Gathering XML schema collections
27-10-2019 22:27:25	Gathering user-defined data types
27-10-2019 22:27:25	Gathering user-defined types
27-10-2019 22:27:25	Gathering table types
27-10-2019 22:27:25	Gathering unique keys for table types
27-10-2019 22:27:25	Gathering primary keys for table types
27-10-2019 22:27:25	Gathering indexes for table types
27-10-2019 22:27:25	Gathering check constraints for table types
27-10-2019 22:27:25	Gathering default constraints for table types
27-10-2019 22:27:25	Gathering partition functions
27-10-2019 22:27:25	Gathering partition schemes
27-10-2019 22:28:37	Gathering functions
27-10-2019 22:29:03	Gathering encrypted functions
27-10-2019 22:29:41	Gathering aggregates
27-10-2019 22:30:00	Gathering procedures
27-10-2019 22:30:26	Gathering encrypted procedures
27-10-2019 22:30:27	Gathering tables
27-10-2019 22:30:54	Gathering primary keys
27-10-2019 22:30:54	Gathering unique constraints
27-10-2019 22:30:54	Gathering foreign keys
27-10-2019 22:30:54	Gathering default constraints
27-10-2019 22:30:55	Gathering check constraints
27-10-2019 22:30:55	Gathering views
27-10-2019 22:30:55	Gathering encrypted views
27-10-2019 22:30:55	Gathering indexes
27-10-2019 22:30:55	Gathering statistics
27-10-2019 22:30:55	Gathering full-text index stoplists
27-10-2019 22:30:55	Gathering search property lists
27-10-2019 22:30:55	Gathering search properties
27-10-2019 22:30:56	Gathering full-text indexes
27-10-2019 22:30:56	Gathering column store indexes
27-10-2019 22:30:57	Gathering spatial indexes
27-10-2019 22:30:57	Gathering XML indexes
27-10-2019 22:30:59	Gathering Selective XML indexes
27-10-2019 22:30:59	Gathering encrypted triggers
27-10-2019 22:30:59	Gathering triggers
27-10-2019 22:30:59	Gathering encrypted and clr ddl triggers
27-10-2019 22:30:59	Gathering ddl triggers
27-10-2019 22:30:59	Gathering synonyms
27-10-2019 22:31:12	Gathering defaults
27-10-2019 22:31:12	Gathering data constraint uddt bindings
27-10-2019 22:31:26	Gathering rules
27-10-2019 22:31:26	Gathering data constraint uddt bindings
27-10-2019 22:31:26	Gathering message types
27-10-2019 22:31:26	Gathering queues
27-10-2019 22:31:26	Gathering contracts
27-10-2019 22:31:26	Gathering services
27-10-2019 22:31:27	Gathering event notifications
27-10-2019 22:31:27	Gathering remote service bindings
27-10-2019 22:31:27	Gathering broker priorities
27-10-2019 22:31:27	Gathering signatures
27-10-2019 22:31:27	Gathering data compression options
27-10-2019 22:31:27	Gathering sequence types
27-10-2019 22:31:27	Gathering security policies
27-10-2019 22:31:27	Gather column encryption keys
27-10-2019 22:31:27	Gathering column master keys
27-10-2019 22:31:27	Gathering external data sources
27-10-2019 22:31:27	Gathering external file formats
27-10-2019 22:31:28	Gathering external tables
27-10-2019 22:31:28	Gathering extended properties
27-10-2019 22:31:34	Gathering credentials
27-10-2019 22:31:34	Gathering logins
27-10-2019 22:31:34	Gathering server audits
27-10-2019 22:31:34	Scanning project for duplicate elements
27-10-2019 22:31:34	Finished duplicate element processing
27-10-2019 22:31:35	Finished importing database.
27-10-2019 22:31:35	A summary of the import was saved to the following location: C:\Users\Nick\source\repos\NinjaManagerFinal\Database\Import Schema Logs\Database_20191027092709.log
27-10-2019 22:31:35	Click Finish to continue...
