27-10-2019 22:13:36	This log contains information about the import schema operation into project 'Database' on computer 'LAPTOP-4JHJ7M1S' by user 'Nick'.
27-10-2019 22:13:37	Import of database schema has started.
27-10-2019 22:13:49	Gathering database credentials
27-10-2019 22:13:49	Gathering database options
27-10-2019 22:13:49	Gathering generic database scoped configuration option
27-10-2019 22:13:49	Gathering users
27-10-2019 22:13:49	Gathering roles
27-10-2019 22:13:49	Gathering application roles
27-10-2019 22:13:49	Gathering role memberships
27-10-2019 22:13:49	Gathering filegroups
27-10-2019 22:13:49	Gathering full-text catalogs
27-10-2019 22:13:49	Gathering assemblies
27-10-2019 22:13:49	Gathering certificates
27-10-2019 22:13:49	Gathering asymmetric keys
27-10-2019 22:13:49	Gathering symmetric keys
27-10-2019 22:13:49	Gathering encrypted symmetric keys
27-10-2019 22:13:49	Gathering schemas
27-10-2019 22:13:49	Gathering XML schema collections
27-10-2019 22:13:49	Gathering user-defined data types
27-10-2019 22:13:49	Gathering user-defined types
27-10-2019 22:13:49	Gathering table types
27-10-2019 22:13:49	Gathering unique keys for table types
27-10-2019 22:13:49	Gathering primary keys for table types
27-10-2019 22:13:49	Gathering indexes for table types
27-10-2019 22:13:49	Gathering check constraints for table types
27-10-2019 22:13:49	Gathering default constraints for table types
27-10-2019 22:13:49	Gathering partition functions
27-10-2019 22:13:49	Gathering partition schemes
27-10-2019 22:13:55	Gathering functions
27-10-2019 22:13:55	Gathering encrypted functions
27-10-2019 22:13:55	Gathering aggregates
27-10-2019 22:13:55	Gathering procedures
27-10-2019 22:13:55	Gathering encrypted procedures
27-10-2019 22:13:55	Gathering tables
27-10-2019 22:13:55	Gathering primary keys
27-10-2019 22:13:55	Gathering unique constraints
27-10-2019 22:13:55	Gathering foreign keys
27-10-2019 22:13:55	Gathering default constraints
27-10-2019 22:13:55	Gathering check constraints
27-10-2019 22:13:55	Gathering views
27-10-2019 22:13:55	Gathering encrypted views
27-10-2019 22:13:55	Gathering indexes
27-10-2019 22:13:55	Gathering statistics
27-10-2019 22:13:55	Gathering full-text index stoplists
27-10-2019 22:13:55	Gathering search property lists
27-10-2019 22:13:55	Gathering search properties
27-10-2019 22:13:55	Gathering full-text indexes
27-10-2019 22:13:55	Gathering column store indexes
27-10-2019 22:13:55	Gathering spatial indexes
27-10-2019 22:13:55	Gathering XML indexes
27-10-2019 22:13:55	Gathering Selective XML indexes
27-10-2019 22:13:55	Gathering encrypted triggers
27-10-2019 22:13:55	Gathering triggers
27-10-2019 22:13:55	Gathering encrypted and clr ddl triggers
27-10-2019 22:13:55	Gathering ddl triggers
27-10-2019 22:13:55	Gathering synonyms
27-10-2019 22:13:55	Gathering defaults
27-10-2019 22:13:55	Gathering data constraint uddt bindings
27-10-2019 22:13:55	Gathering rules
27-10-2019 22:13:55	Gathering data constraint uddt bindings
27-10-2019 22:13:55	Gathering message types
27-10-2019 22:13:55	Gathering queues
27-10-2019 22:13:55	Gathering contracts
27-10-2019 22:13:55	Gathering services
27-10-2019 22:13:55	Gathering event notifications
27-10-2019 22:13:55	Gathering remote service bindings
27-10-2019 22:13:55	Gathering broker priorities
27-10-2019 22:13:55	Gathering signatures
27-10-2019 22:13:55	Gathering data compression options
27-10-2019 22:13:55	Gathering sequence types
27-10-2019 22:13:55	Gathering security policies
27-10-2019 22:13:55	Gather column encryption keys
27-10-2019 22:13:55	Gathering column master keys
27-10-2019 22:13:55	Gathering external data sources
27-10-2019 22:13:55	Gathering external file formats
27-10-2019 22:13:55	Gathering external tables
27-10-2019 22:13:55	Gathering extended properties
27-10-2019 22:13:55	Gathering credentials
27-10-2019 22:13:55	Gathering logins
27-10-2019 22:13:55	Gathering server audits
27-10-2019 22:13:56	Scanning project for duplicate elements
27-10-2019 22:13:56	Finished duplicate element processing
27-10-2019 22:13:56	Finished importing database.
27-10-2019 22:13:56	A summary of the import was saved to the following location: C:\Users\Nick\source\repos\NinjaManagerFinal\Database\Import Schema Logs\Database_20191027091336.log
27-10-2019 22:13:56	Click Finish to continue...
